  main.cpp
E:\GitRepo\Travaux-Pratiques\2023-2024\CPP\TP\tp4_Mixage\src\producteur_base.h(21,27): warning C4018: '<' : incompatibilité signed/unsigned
  (compiler le fichier source 'src/main.cpp')
  
E:\GitRepo\Travaux-Pratiques\2023-2024\CPP\TP\tp4_Mixage\src\filtre_base.h(37,1): warning C4250: 'filtre_base' : hérite de 'producteur_base::producteur_base::nbSorties' via la dominance
  (compiler le fichier source 'src/main.cpp')
  E:\GitRepo\Travaux-Pratiques\2023-2024\CPP\TP\tp4_Mixage\src\producteur_base.h(13,18):
  voir la déclaration de 'producteur_base::nbSorties'
  
E:\GitRepo\Travaux-Pratiques\2023-2024\CPP\TP\tp4_Mixage\src\filtre_base.h(37,1): warning C4250: 'filtre_base' : hérite de 'consommateur_base::consommateur_base::nbEntrees' via la dominance
  (compiler le fichier source 'src/main.cpp')
  E:\GitRepo\Travaux-Pratiques\2023-2024\CPP\TP\tp4_Mixage\src\consommateur_base.h(13,18):
  voir la déclaration de 'consommateur_base::nbEntrees'
  
E:\GitRepo\Travaux-Pratiques\2023-2024\CPP\TP\tp4_Mixage\src\multiplicateur.h(22,1): warning C4250: 'multiplicateur' : hérite de 'producteur_base::producteur_base::nbSorties' via la dominance
  (compiler le fichier source 'src/main.cpp')
  E:\GitRepo\Travaux-Pratiques\2023-2024\CPP\TP\tp4_Mixage\src\producteur_base.h(13,18):
  voir la déclaration de 'producteur_base::nbSorties'
  
E:\GitRepo\Travaux-Pratiques\2023-2024\CPP\TP\tp4_Mixage\src\multiplicateur.h(22,1): warning C4250: 'multiplicateur' : hérite de 'consommateur_base::consommateur_base::nbEntrees' via la dominance
  (compiler le fichier source 'src/main.cpp')
  E:\GitRepo\Travaux-Pratiques\2023-2024\CPP\TP\tp4_Mixage\src\consommateur_base.h(13,18):
  voir la déclaration de 'consommateur_base::nbEntrees'
  
E:\GitRepo\Travaux-Pratiques\2023-2024\CPP\TP\tp4_Mixage\src\volume.h(21,1): warning C4250: 'volume' : hérite de 'producteur_base::producteur_base::nbSorties' via la dominance
  (compiler le fichier source 'src/main.cpp')
  E:\GitRepo\Travaux-Pratiques\2023-2024\CPP\TP\tp4_Mixage\src\producteur_base.h(13,18):
  voir la déclaration de 'producteur_base::nbSorties'
  
E:\GitRepo\Travaux-Pratiques\2023-2024\CPP\TP\tp4_Mixage\src\volume.h(21,1): warning C4250: 'volume' : hérite de 'consommateur_base::consommateur_base::nbEntrees' via la dominance
  (compiler le fichier source 'src/main.cpp')
  E:\GitRepo\Travaux-Pratiques\2023-2024\CPP\TP\tp4_Mixage\src\consommateur_base.h(13,18):
  voir la déclaration de 'consommateur_base::nbEntrees'
  
E:\GitRepo\Travaux-Pratiques\2023-2024\CPP\TP\tp4_Mixage\src\filtre_compose.h(98,1): warning C4250: 'filtre_compose' : hérite de 'producteur_base::producteur_base::nbSorties' via la dominance
  (compiler le fichier source 'src/main.cpp')
  E:\GitRepo\Travaux-Pratiques\2023-2024\CPP\TP\tp4_Mixage\src\producteur_base.h(13,18):
  voir la déclaration de 'producteur_base::nbSorties'
  
E:\GitRepo\Travaux-Pratiques\2023-2024\CPP\TP\tp4_Mixage\src\filtre_compose.h(98,1): warning C4250: 'filtre_compose' : hérite de 'consommateur_base::consommateur_base::nbEntrees' via la dominance
  (compiler le fichier source 'src/main.cpp')
  E:\GitRepo\Travaux-Pratiques\2023-2024\CPP\TP\tp4_Mixage\src\consommateur_base.h(13,18):
  voir la déclaration de 'consommateur_base::nbEntrees'
  
E:\GitRepo\Travaux-Pratiques\2023-2024\CPP\TP\tp4_Mixage\src\filtre_compose.h(42,29): warning C4267: 'return' : conversion de 'size_t' en 'unsigned int', perte possible de données
  (compiler le fichier source 'src/main.cpp')
  
E:\GitRepo\Travaux-Pratiques\2023-2024\CPP\TP\tp4_Mixage\src\additionneur.h(22,1): warning C4250: 'additionneur' : hérite de 'producteur_base::producteur_base::nbSorties' via la dominance
  (compiler le fichier source 'src/main.cpp')
  E:\GitRepo\Travaux-Pratiques\2023-2024\CPP\TP\tp4_Mixage\src\producteur_base.h(13,18):
  voir la déclaration de 'producteur_base::nbSorties'
  
E:\GitRepo\Travaux-Pratiques\2023-2024\CPP\TP\tp4_Mixage\src\additionneur.h(22,1): warning C4250: 'additionneur' : hérite de 'consommateur_base::consommateur_base::nbEntrees' via la dominance
  (compiler le fichier source 'src/main.cpp')
  E:\GitRepo\Travaux-Pratiques\2023-2024\CPP\TP\tp4_Mixage\src\consommateur_base.h(13,18):
  voir la déclaration de 'consommateur_base::nbEntrees'
  
E:\GitRepo\Travaux-Pratiques\2023-2024\CPP\TP\tp4_Mixage\src\additionneur.h(14,23): warning C4018: '<' : incompatibilité signed/unsigned
  (compiler le fichier source 'src/main.cpp')
  
E:\GitRepo\Travaux-Pratiques\2023-2024\CPP\TP\tp4_Mixage\src\mixeur.h(37,1): warning C4250: 'mixeur' : hérite de 'producteur_base::producteur_base::nbSorties' via la dominance
  (compiler le fichier source 'src/main.cpp')
  E:\GitRepo\Travaux-Pratiques\2023-2024\CPP\TP\tp4_Mixage\src\producteur_base.h(13,18):
  voir la déclaration de 'producteur_base::nbSorties'
  
E:\GitRepo\Travaux-Pratiques\2023-2024\CPP\TP\tp4_Mixage\src\mixeur.h(37,1): warning C4250: 'mixeur' : hérite de 'consommateur_base::consommateur_base::nbEntrees' via la dominance
  (compiler le fichier source 'src/main.cpp')
  E:\GitRepo\Travaux-Pratiques\2023-2024\CPP\TP\tp4_Mixage\src\consommateur_base.h(13,18):
  voir la déclaration de 'consommateur_base::nbEntrees'
  
E:\GitRepo\Travaux-Pratiques\2023-2024\CPP\TP\tp4_Mixage\src\volume_compose.h(26,1): warning C4250: 'volume_compose' : hérite de 'producteur_base::producteur_base::nbSorties' via la dominance
  (compiler le fichier source 'src/main.cpp')
  E:\GitRepo\Travaux-Pratiques\2023-2024\CPP\TP\tp4_Mixage\src\producteur_base.h(13,18):
  voir la déclaration de 'producteur_base::nbSorties'
  
E:\GitRepo\Travaux-Pratiques\2023-2024\CPP\TP\tp4_Mixage\src\volume_compose.h(26,1): warning C4250: 'volume_compose' : hérite de 'consommateur_base::consommateur_base::nbEntrees' via la dominance
  (compiler le fichier source 'src/main.cpp')
  E:\GitRepo\Travaux-Pratiques\2023-2024\CPP\TP\tp4_Mixage\src\consommateur_base.h(13,18):
  voir la déclaration de 'consommateur_base::nbEntrees'
  
E:\GitRepo\Travaux-Pratiques\2023-2024\CPP\TP\tp4_Mixage\src\lecteur_fichier.h(30,23): warning C4018: '<' : incompatibilité signed/unsigned
  (compiler le fichier source 'src/main.cpp')
  
E:\GitRepo\Travaux-Pratiques\2023-2024\CPP\TP\tp4_Mixage\src\operationBinaire.h(28,1): warning C4250: 'operationBinaire<std::multiplies<double>>' : hérite de 'producteur_base::producteur_base::nbSorties' via la dominance
  (compiler le fichier source 'src/main.cpp')
  E:\GitRepo\Travaux-Pratiques\2023-2024\CPP\TP\tp4_Mixage\src\producteur_base.h(13,18):
  voir la déclaration de 'producteur_base::nbSorties'
  E:\GitRepo\Travaux-Pratiques\2023-2024\CPP\TP\tp4_Mixage\src\operationBinaire.h(28,1):
  le contexte d’instanciation du modèle (le plus ancien) est
  	E:\GitRepo\Travaux-Pratiques\2023-2024\CPP\TP\tp4_Mixage\src\main.cpp(75,44):
  	voir la référence à l'instanciation classe modèle 'operationBinaire<std::multiplies<double>>' en cours de compilation
  
E:\GitRepo\Travaux-Pratiques\2023-2024\CPP\TP\tp4_Mixage\src\operationBinaire.h(28,1): warning C4250: 'operationBinaire<std::multiplies<double>>' : hérite de 'consommateur_base::consommateur_base::nbEntrees' via la dominance
  (compiler le fichier source 'src/main.cpp')
  E:\GitRepo\Travaux-Pratiques\2023-2024\CPP\TP\tp4_Mixage\src\consommateur_base.h(13,18):
  voir la déclaration de 'consommateur_base::nbEntrees'
  
E:\GitRepo\Travaux-Pratiques\2023-2024\CPP\TP\tp4_Mixage\src\main.cpp(135,24): warning C4305: 'argument' : troncation de 'double' à '_Ty'
E:\GitRepo\Travaux-Pratiques\2023-2024\CPP\TP\tp4_Mixage\src\main.cpp(135,24): warning C4305:         with
E:\GitRepo\Travaux-Pratiques\2023-2024\CPP\TP\tp4_Mixage\src\main.cpp(135,24): warning C4305:         [
E:\GitRepo\Travaux-Pratiques\2023-2024\CPP\TP\tp4_Mixage\src\main.cpp(135,24): warning C4305:             _Ty=float
E:\GitRepo\Travaux-Pratiques\2023-2024\CPP\TP\tp4_Mixage\src\main.cpp(135,24): warning C4305:         ]
LibOutils.lib(enregistreur_fichier.obj) : warning LNK4099: PDB '' n'a pu être trouvé avec 'LibOutils.lib(enregistreur_fichier.obj)' ou sur '' ; l'objet sera lié sans informations de débogage
LibOutils.lib(enregistreur_fichier_texte.obj) : warning LNK4099: PDB '' n'a pu être trouvé avec 'LibOutils.lib(enregistreur_fichier_texte.obj)' ou sur '' ; l'objet sera lié sans informations de débogage
  Mixage.vcxproj -> E:\GitRepo\Travaux-Pratiques\2023-2024\CPP\TP\tp4_Mixage\x64\Debug\Mixage.exe
